[2026-07-09 09:30:33] [INFO] 🚀 DynPocket-Analyzer 工业级流水线启动
[2026-07-09 09:30:52] [INFO] 🚀 DynPocket-Analyzer 工业级流水线启动
[2026-07-09 09:30:52] [INFO] 🧬 检测到 Multi-FASTA 模式，共包含 1 条蛋白序列。
[2026-07-09 09:30:52] [INFO] 
############################################################
# 开始处理流水线: 1AMU_B
############################################################
[2026-07-09 09:30:52] [INFO] 🔍 正在解析输入文件并执行强制一致性校验...
[2026-07-09 09:30:52] [INFO]    [FASTA] 提取序列: 1AMU_B (长度: 508 AA)
[2026-07-09 09:30:52] [INFO]    [校验] 用户未提供参考 PDB，跳过结构序列校验。默认使用第 0 帧作为后续坐标系参考。
[2026-07-09 09:30:52] [INFO] 
============================================================
▶ 启动核心调度模块: Phase A: 1AMU_B 贪婪降维
============================================================
[2026-07-09 09:31:33] [INFO] 
============================================================
▶ 启动核心调度模块: Phase B: 1AMU_B 多进程探测与筛选
============================================================
[2026-07-09 09:32:03] [INFO] 
============================================================
▶ 启动核心调度模块: Phase C: 1AMU_B 特征清洗与图表化
============================================================
[2026-07-09 09:32:08] [INFO] 
🎉 批量分析管线执行完毕！
